2023-12-07 10:58:43,170 - __main__ - INFO - Action: retrieve_json_from_app1 - PASS
2023-12-07 10:58:43,189 - __main__ - INFO - Action: send_json_to_app2_success_from_app1 - PASS
2023-12-07 10:58:43,190 - __main__ - INFO - Action: Received_JSON_from_App1 - PASS
2023-12-07 10:58:54,442 - __main__ - ERROR - Action: Failed_to_send_JSON_to_App3 - PASS
2023-12-07 11:05:57,765 - __main__ - INFO - Action: retrieve_json_from_app1 - PASS
2023-12-07 11:05:57,771 - __main__ - INFO - Action: send_json_to_app2_success_from_app1 - PASS
2023-12-07 11:05:57,774 - __main__ - INFO - Action: Received_JSON_from_App1 - PASS
2023-12-07 11:06:07,468 - __main__ - ERROR - Action: Failed_to_send_JSON_to_App3 - PASS
2023-12-07 11:07:41,716 - __main__ - INFO - Action: retrieve_json_from_app1 - PASS
2023-12-07 11:07:41,721 - __main__ - INFO - Action: send_json_to_app2_success_from_app1 - PASS
2023-12-07 11:07:41,729 - __main__ - INFO - Action: Received_JSON_from_App1 - PASS
2023-12-07 11:07:49,197 - __main__ - INFO - Action: Sent_JSON_to_App3 - PASS
2023-12-07 11:23:40,038 - __main__ - INFO - Action: Sent_payload_via_email - PASS
2023-12-07 11:26:33,800 - __main__ - INFO - Action: receive_python_object_success_from_app4 - PASS
2023-12-07 11:27:11,674 - __main__ - INFO - Action: Sent_payload_via_email - PASS
2023-12-07 11:28:03,060 - __main__ - INFO - Action: receive_python_object_success_from_app4 - PASS
2023-12-07 11:31:36,061 - __main__ - INFO - Action: Sent_payload_via_email - PASS
2023-12-07 11:37:44,715 - __main__ - INFO - Action: Sent_payload_via_email - PASS
2023-12-07 11:49:26,944 - app5 - ERROR - Action: Failed_to_send_JSON_to_App3 - PASS
2023-12-07 11:49:26,947 - app5 - INFO - Action: receive_python_object_success_from_app4 - PASS
2023-12-07 11:49:26,949 - app5 - INFO - Action: Received_JSON_from_App1 - PASS
2023-12-07 11:49:26,950 - app5 - INFO - Action: retrieve_json_from_app1 - PASS
2023-12-07 11:49:26,951 - app5 - INFO - Action: send_json_to_app2_success_from_app1 - PASS
2023-12-07 11:49:26,952 - app5 - INFO - Action: Sent_JSON_to_App3 - PASS
2023-12-07 11:49:26,953 - app5 - INFO - Action: Sent_payload_via_email - PASS
2023-12-07 11:51:25,598 - __main__ - INFO - Action: Sent_payload_via_email - PASS
2023-12-08 08:22:40,393 - __main__ - INFO - Action: retrieve_json_from_app1 - PASS
2023-12-08 08:22:40,402 - __main__ - INFO - Action: send_json_to_app2_success_from_app1 - PASS
2023-12-08 08:22:40,408 - __main__ - INFO - Action: Received_JSON_from_App1 - PASS
2023-12-08 08:22:50,835 - __main__ - INFO - Action: Sent_JSON_to_App3 - PASS
2023-12-08 08:24:05,109 - __main__ - INFO - Action: Sent_payload_via_email - PASS
2023-12-08 08:39:10,128 - __main__ - INFO - Action: Sent_decoded_payload_via_email - PASS
2023-12-08 08:39:30,961 - app5 - ERROR - Action: Failed_to_send_JSON_to_App3 - PASS
2023-12-08 08:39:30,965 - app5 - INFO - Action: receive_python_object_success_from_app4 - PASS
2023-12-08 08:39:30,966 - app5 - INFO - Action: Received_JSON_from_App1 - PASS
2023-12-08 08:39:30,967 - app5 - INFO - Action: retrieve_json_from_app1 - PASS
2023-12-08 08:39:30,968 - app5 - INFO - Action: send_json_to_app2_success_from_app1 - PASS
2023-12-08 08:39:30,969 - app5 - INFO - Action: Sent_JSON_to_App3 - PASS
2023-12-08 08:39:30,970 - app5 - INFO - Action: Sent_payload_via_email - PASS
2023-12-08 08:49:10,201 - __main__ - INFO - Action: retrieve_json_from_app1 - PASS
2023-12-08 08:49:10,228 - __main__ - INFO - Action: send_json_to_app2_success_from_app1 - PASS
2023-12-08 08:49:10,229 - __main__ - INFO - Action: Received_JSON_from_App1 - PASS
2023-12-08 08:49:21,249 - __main__ - INFO - Action: Sent_JSON_to_App3 - PASS
2023-12-08 08:50:15,891 - __main__ - INFO - Action: Sent_decoded_payload_via_email - PASS
2023-12-08 08:50:27,994 - __main__ - INFO - Action: receive_python_object_success_from_app4 - PASS
2023-12-08 08:53:57,476 - app5 - ERROR - Action: Failed_to_send_JSON_to_App3 - PASS
2023-12-08 08:53:57,479 - app5 - INFO - Action: receive_python_object_success_from_app4 - PASS
2023-12-08 08:53:57,481 - app5 - INFO - Action: Received_JSON_from_App1 - PASS
2023-12-08 08:53:57,482 - app5 - INFO - Action: retrieve_json_from_app1 - PASS
2023-12-08 08:53:57,483 - app5 - INFO - Action: send_json_to_app2_success_from_app1 - PASS
2023-12-08 08:53:57,484 - app5 - INFO - Action: Sent_JSON_to_App3 - PASS
2023-12-08 08:53:57,485 - app5 - INFO - Action: Sent_payload_via_email - PASS
2023-12-08 09:19:41,069 - app5 - ERROR - Action: Failed_to_send_JSON_to_App3 - PASS
2023-12-08 09:19:41,095 - app5 - INFO - Action: receive_python_object_success_from_app4 - PASS
2023-12-08 09:19:41,097 - app5 - INFO - Action: Received_JSON_from_App1 - PASS
2023-12-08 09:19:41,099 - app5 - INFO - Action: retrieve_json_from_app1 - PASS
2023-12-08 09:19:41,100 - app5 - INFO - Action: send_json_to_app2_success_from_app1 - PASS
2023-12-08 09:19:41,101 - app5 - INFO - Action: Sent_JSON_to_App3 - PASS
2023-12-08 09:19:41,103 - app5 - INFO - Action: Sent_payload_via_email - PASS
2023-12-08 09:55:44,470 - __main__ - INFO - Action: retrieve_json_from_app1 - PASS
2023-12-08 09:55:44,483 - __main__ - INFO - Action: Received_JSON_from_App1 - PASS
2023-12-08 09:55:44,486 - __main__ - INFO - Action: send_json_to_app2_success_from_app1 - PASS
2023-12-08 09:56:45,861 - __main__ - INFO - Action: Sent_JSON_to_App3 - PASS
2023-12-08 09:58:08,413 - __main__ - INFO - Action: Sent_decoded_payload_via_email - PASS
2023-12-08 09:58:20,785 - __main__ - INFO - Action: receive_python_object_success_from_app4 - PASS
2023-12-08 11:49:35,038 - __main__ - INFO - Action: Sent_decoded_payload_via_email - PASS
2023-12-08 12:38:07,896 - __main__ - INFO - Action: retrieve_json_from_app1 - PASS
2023-12-08 12:38:07,925 - __main__ - INFO - Action: send_json_to_app2_success_from_app1 - PASS
2023-12-08 12:38:07,937 - __main__ - INFO - Action: Received_JSON_from_App1 - PASS
2023-12-08 12:38:37,703 - __main__ - INFO - Action: Sent_JSON_to_App3 - PASS
2023-12-08 12:40:22,013 - __main__ - INFO - Action: Sent_decoded_payload_via_email - PASS
2023-12-08 12:41:15,711 - __main__ - INFO - Action: receive_python_object_success_from_app4 - PASS
2023-12-08 12:43:53,536 - app5 - ERROR - Action: Failed_to_send_JSON_to_App3 - PASS
2023-12-08 12:43:53,540 - app5 - INFO - Action: receive_python_object_success_from_app4 - PASS
2023-12-08 12:43:53,541 - app5 - INFO - Action: Received_JSON_from_App1 - PASS
2023-12-08 12:43:53,542 - app5 - INFO - Action: retrieve_json_from_app1 - PASS
2023-12-08 12:43:53,543 - app5 - INFO - Action: send_json_to_app2_success_from_app1 - PASS
2023-12-08 12:43:53,544 - app5 - INFO - Action: Sent_JSON_to_App3 - PASS
2023-12-08 12:43:53,545 - app5 - INFO - Action: Sent_payload_via_email - PASS
2023-12-08 13:44:31,828 - __main__ - INFO - Action: Sent_decoded_payload_via_email - PASS
2023-12-08 13:46:11,877 - __main__ - INFO - Action: receive_python_object_success_from_app4 - PASS
